[    0.000000] Initializing cgroup subsys cpuset
[    0.000000] Initializing cgroup subsys cpu
[    0.000000] Initializing cgroup subsys cpuacct
[    0.000000] Linux version 4.4.0-210-generic (buildd@lgw01-amd64-009) (gcc version 5.4.0 20160609 (Ubuntu 5.4.0-6ubuntu1~16.04.12) ) #242-Ubuntu SMP Fri Apr 16 09:57:56 UTC 2021 (Ubuntu 4.4.0-210.242-generic 4.4.262)
[    0.000000] Command line: BOOT_IMAGE=/boot/vmlinuz-4.4.0-210-generic root=LABEL=cloudimg-rootfs ro console=tty1 console=ttyS0
[    0.000000] KERNEL supported cpus:
[    0.000000]   Intel GenuineIntel
[    0.000000]   AMD AuthenticAMD
[    0.000000]   Centaur CentaurHauls
[    0.000000] x86/fpu: xstate_offset[2]:  576, xstate_sizes[2]:  256
[    0.000000] x86/fpu: Supporting XSAVE feature 0x01: 'x87 floating point registers'
[    0.000000] x86/fpu: Supporting XSAVE feature 0x02: 'SSE registers'
[    0.000000] x86/fpu: Supporting XSAVE feature 0x04: 'AVX registers'
[    0.000000] x86/fpu: Enabled xstate features 0x7, context size is 832 bytes, using 'standard' format.
[    0.000000] e820: BIOS-provided physical RAM map:
[    0.000000] BIOS-e820: [mem 0x0000000000000000-0x000000000009fbff] usable
[    0.000000] BIOS-e820: [mem 0x000000000009fc00-0x000000000009ffff] reserved
[    0.000000] BIOS-e820: [mem 0x00000000000f0000-0x00000000000fffff] reserved
[    0.000000] BIOS-e820: [mem 0x0000000000100000-0x000000007ffeffff] usable
[    0.000000] BIOS-e820: [mem 0x000000007fff0000-0x000000007fffffff] ACPI data
[    0.000000] BIOS-e820: [mem 0x00000000fec00000-0x00000000fec00fff] reserved
[    0.000000] BIOS-e820: [mem 0x00000000fee00000-0x00000000fee00fff] reserved
[    0.000000] BIOS-e820: [mem 0x00000000fffc0000-0x00000000ffffffff] reserved
[    0.000000] NX (Execute Disable) protection: active
[    0.000000] SMBIOS 2.5 present.
[    0.000000] Hypervisor detected: KVM
[    0.000000] e820: last_pfn = 0x7fff0 max_arch_pfn = 0x400000000
[    0.000000] MTRR: Disabled
[    0.000000] x86/PAT: MTRRs disabled, skipping PAT initialization too.
[    0.000000] CPU MTRRs all blank - virtualized system.
[    0.000000] x86/PAT: Configuration [0-7]: WB  WT  UC- UC  WB  WT  UC- UC  
[    0.000000] found SMP MP-table at [mem 0x0009fff0-0x0009ffff] mapped at [ffff88000009fff0]
[    0.000000] Scanning 1 areas for low memory corruption
[    0.000000] RAMDISK: [mem 0x362dc000-0x37165fff]
[    0.000000] ACPI: Early table checksum verification disabled
[    0.000000] ACPI: RSDP 0x00000000000E0000 000024 (v02 VBOX  )
[    0.000000] ACPI: XSDT 0x000000007FFF0030 00003C (v01 VBOX   VBOXXSDT 00000001 ASL  00000061)
[    0.000000] ACPI: FACP 0x000000007FFF00F0 0000F4 (v04 VBOX   VBOXFACP 00000001 ASL  00000061)
[    0.000000] ACPI: DSDT 0x000000007FFF0470 002325 (v02 VBOX   VBOXBIOS 00000002 INTL 20190509)
[    0.000000] ACPI: FACS 0x000000007FFF0200 000040
[    0.000000] ACPI: FACS 0x000000007FFF0200 000040
[    0.000000] ACPI: APIC 0x000000007FFF0240 000054 (v02 VBOX   VBOXAPIC 00000001 ASL  00000061)
[    0.000000] ACPI: SSDT 0x000000007FFF02A0 0001CC (v01 VBOX   VBOXCPUT 00000002 INTL 20190509)
[    0.000000] No NUMA configuration found
[    0.000000] Faking a node at [mem 0x0000000000000000-0x000000007ffeffff]
[    0.000000] NODE_DATA(0) allocated [mem 0x7ffeb000-0x7ffeffff]
[    0.000000] kvm-clock: Using msrs 4b564d01 and 4b564d00
[    0.000000] kvm-clock: cpu 0, msr 0:7ffe3001, primary cpu clock
[    0.000000] kvm-clock: using sched offset of 3851766832 cycles
[    0.000000] clocksource: kvm-clock: mask: 0xffffffffffffffff max_cycles: 0x1cd42e4dffb, max_idle_ns: 881590591483 ns
[    0.000000] Zone ranges:
[    0.000000]   DMA      [mem 0x0000000000001000-0x0000000000ffffff]
[    0.000000]   DMA32    [mem 0x0000000001000000-0x000000007ffeffff]
[    0.000000]   Normal   empty
[    0.000000]   Device   empty
[    0.000000] Movable zone start for each node
[    0.000000] Early memory node ranges
[    0.000000]   node   0: [mem 0x0000000000001000-0x000000000009efff]
[    0.000000]   node   0: [mem 0x0000000000100000-0x000000007ffeffff]
[    0.000000] Initmem setup node 0 [mem 0x0000000000001000-0x000000007ffeffff]
[    0.000000] ACPI: PM-Timer IO Port: 0x4008
[    0.000000] IOAPIC[0]: apic_id 1, version 32, address 0xfec00000, GSI 0-23
[    0.000000] ACPI: INT_SRC_OVR (bus 0 bus_irq 0 global_irq 2 dfl dfl)
[    0.000000] ACPI: INT_SRC_OVR (bus 0 bus_irq 9 global_irq 9 low level)
[    0.000000] Using ACPI (MADT) for SMP configuration information
[    0.000000] smpboot: Allowing 1 CPUs, 0 hotplug CPUs
[    0.000000] PM: Registered nosave memory: [mem 0x00000000-0x00000fff]
[    0.000000] PM: Registered nosave memory: [mem 0x0009f000-0x0009ffff]
[    0.000000] PM: Registered nosave memory: [mem 0x000a0000-0x000effff]
[    0.000000] PM: Registered nosave memory: [mem 0x000f0000-0x000fffff]
[    0.000000] e820: [mem 0x80000000-0xfebfffff] available for PCI devices
[    0.000000] Booting paravirtualized kernel on KVM
[    0.000000] clocksource: refined-jiffies: mask: 0xffffffff max_cycles: 0xffffffff, max_idle_ns: 7645519600211568 ns
[    0.000000] setup_percpu: NR_CPUS:512 nr_cpumask_bits:512 nr_cpu_ids:1 nr_node_ids:1
[    0.000000] PERCPU: Embedded 33 pages/cpu @ffff88007fc00000 s95192 r8192 d31784 u2097152
[    0.000000] Built 1 zonelists in Node order, mobility grouping on.  Total pages: 515960
[    0.000000] Policy zone: DMA32
[    0.000000] Kernel command line: BOOT_IMAGE=/boot/vmlinuz-4.4.0-210-generic root=LABEL=cloudimg-rootfs ro console=tty1 console=ttyS0
[    0.000000] PID hash table entries: 4096 (order: 3, 32768 bytes)
[    0.000000] Memory: 2030116K/2096696K available (8644K kernel code, 1332K rwdata, 4044K rodata, 1492K init, 1164K bss, 66580K reserved, 0K cma-reserved)
[    0.000000] SLUB: HWalign=64, Order=0-3, MinObjects=0, CPUs=1, Nodes=1
[    0.000000] Kernel/User page tables isolation: enabled
[    0.000000] Hierarchical RCU implementation.
[    0.000000] 	Build-time adjustment of leaf fanout to 64.
[    0.000000] 	RCU restricting CPUs from NR_CPUS=512 to nr_cpu_ids=1.
[    0.000000] RCU: Adjusting geometry for rcu_fanout_leaf=64, nr_cpu_ids=1
[    0.000000] NR_IRQS:33024 nr_irqs:256 16
[    0.000000] Console: colour VGA+ 80x25
[    0.000000] console [tty1] enabled
[    0.000000] console [ttyS0] enabled
[    0.000000] tsc: Detected 1795.867 MHz processor
[    0.383933] Calibrating delay loop (skipped) preset value.. 3591.73 BogoMIPS (lpj=7183468)
[    0.389758] pid_max: default: 32768 minimum: 301
[    0.391800] ACPI: Core revision 20150930
[    0.396764] ACPI: 2 ACPI AML tables successfully acquired and loaded
[    0.400977] Security Framework initialized
[    0.403947] Yama: becoming mindful.
[    0.406514] AppArmor: AppArmor initialized
[    0.410490] Dentry cache hash table entries: 262144 (order: 9, 2097152 bytes)
[    0.415291] Inode-cache hash table entries: 131072 (order: 8, 1048576 bytes)
[    0.419512] Mount-cache hash table entries: 4096 (order: 3, 32768 bytes)
[    0.422545] Mountpoint-cache hash table entries: 4096 (order: 3, 32768 bytes)
[    0.425727] Initializing cgroup subsys io
[    0.427498] Initializing cgroup subsys memory
[    0.431295] Initializing cgroup subsys devices
[    0.434146] Initializing cgroup subsys freezer
[    0.437406] Initializing cgroup subsys net_cls
[    0.439733] Initializing cgroup subsys perf_event
[    0.444396] Initializing cgroup subsys net_prio
[    0.447265] Initializing cgroup subsys hugetlb
[    0.449482] Initializing cgroup subsys pids
[    0.452699] mce: CPU supports 0 MCE banks
[    0.455713] process: using mwait in idle threads
[    0.458071] Last level iTLB entries: 4KB 512, 2MB 8, 4MB 8
[    0.462194] Last level dTLB entries: 4KB 512, 2MB 32, 4MB 32, 1GB 0
[    0.465168] Spectre V1 : Mitigation: usercopy/swapgs barriers and __user pointer sanitization
[    0.469504] Spectre V2 : Mitigation: Full generic retpoline
[    0.471338] Spectre V2 : Spectre v2 / SpectreRSB mitigation: Filling RSB on context switch
[    0.484471] Speculative Store Bypass: Vulnerable
[    0.487373] SRBDS: Unknown: Dependent on hypervisor status
[    0.489602] MDS: Mitigation: Clear CPU buffers
[    0.546555] Freeing SMP alternatives memory: 36K
[    0.557353] ftrace: allocating 32380 entries in 127 pages
[    0.648815] smpboot: APIC(0) Converting physical 0 to logical package 0
[    0.651136] smpboot: Max logical packages: 1
[    0.652909] x2apic enabled
[    0.654463] Switched APIC routing to physical x2apic.
[    0.661256] ..TIMER: vector=0x30 apic1=0 pin1=2 apic2=-1 pin2=-1
[    0.771714] smpboot: CPU0: Intel(R) Core(TM) i5-3337U CPU @ 1.80GHz (family: 0x6, model: 0x3a, stepping: 0x9)
[    0.775666] Performance Events: unsupported p6 CPU model 58 no PMU driver, software events only.
[    0.795493] KVM setup paravirtual spinlock
[    0.798952] x86: Booted up 1 node, 1 CPUs
[    0.801461] smpboot: Total of 1 processors activated (3591.73 BogoMIPS)
[    0.806624] devtmpfs: initialized
[    0.811741] evm: security.selinux
[    0.815721] evm: security.SMACK64
[    0.818192] evm: security.SMACK64EXEC
[    0.820957] evm: security.SMACK64TRANSMUTE
[    0.823800] evm: security.SMACK64MMAP
[    0.825738] evm: security.ima
[    0.827554] evm: security.capability
[    0.829029] clocksource: jiffies: mask: 0xffffffff max_cycles: 0xffffffff, max_idle_ns: 7645041785100000 ns
[    0.832447] futex hash table entries: 256 (order: 2, 16384 bytes)
[    0.834659] pinctrl core: initialized pinctrl subsystem
[    0.837909] RTC time:  3:44:48, date: 07/28/22
[    0.839765] NET: Registered protocol family 16
[    0.841513] cpuidle: using governor ladder
[    0.843010] cpuidle: using governor menu
[    0.844610] PCCT header not found.
[    0.846197] ACPI: bus type PCI registered
[    0.847685] acpiphp: ACPI Hot Plug PCI Controller Driver version: 0.5
[    0.849987] PCI: Using configuration type 1 for base access
[    0.853400] ACPI: Added _OSI(Module Device)
[    0.854847] ACPI: Added _OSI(Processor Device)
[    0.856968] ACPI: Added _OSI(3.0 _SCP Extensions)
[    0.859830] ACPI: Added _OSI(Processor Aggregator Device)
[    0.866090] ACPI: Executed 1 blocks of module-level executable AML code
[    0.873981] ACPI: Interpreter enabled
[    0.875947] ACPI: (supports S0 S5)
[    0.877269] ACPI: Using IOAPIC for interrupt routing
[    0.879322] PCI: Using host bridge windows from ACPI; if necessary, use "pci=nocrs" and report a bug
[    0.887431] ACPI: PCI Root Bridge [PCI0] (domain 0000 [bus 00-ff])
[    0.889487] acpi PNP0A03:00: _OSC: OS supports [ASPM ClockPM Segments MSI]
[    0.892857] acpi PNP0A03:00: _OSC: not requesting OS control; OS requires [ExtendedConfig ASPM ClockPM MSI]
[    0.901382] acpi PNP0A03:00: fail to add MMCONFIG information, can't access extended PCI configuration space under this bridge.
[    0.906779] PCI host bridge to bus 0000:00
[    0.910000] pci_bus 0000:00: root bus resource [io  0x0000-0x0cf7 window]
[    0.912621] pci_bus 0000:00: root bus resource [io  0x0d00-0xffff window]
[    0.914885] pci_bus 0000:00: root bus resource [mem 0x000a0000-0x000bffff window]
[    0.917569] pci_bus 0000:00: root bus resource [mem 0x80000000-0xfdffffff window]
[    0.920271] pci_bus 0000:00: root bus resource [bus 00-ff]
[    0.924279] pci 0000:00:01.1: legacy IDE quirk: reg 0x10: [io  0x01f0-0x01f7]
[    0.932586] pci 0000:00:01.1: legacy IDE quirk: reg 0x14: [io  0x03f6]
[    0.935309] pci 0000:00:01.1: legacy IDE quirk: reg 0x18: [io  0x0170-0x0177]
[    0.938160] pci 0000:00:01.1: legacy IDE quirk: reg 0x1c: [io  0x0376]
[    0.990531] pci 0000:00:07.0: quirk: [io  0x4000-0x403f] claimed by PIIX4 ACPI
[    0.995819] pci 0000:00:07.0: quirk: [io  0x4100-0x410f] claimed by PIIX4 SMB
[    1.021038] ACPI: PCI Interrupt Link [LNKA] (IRQs 5 9 10 *11)
[    1.023675] ACPI: PCI Interrupt Link [LNKB] (IRQs 5 9 *10 11)
[    1.026171] ACPI: PCI Interrupt Link [LNKC] (IRQs 5 *9 10 11)
[    1.032061] ACPI: PCI Interrupt Link [LNKD] (IRQs 5 9 10 *11)
[    1.034536] ACPI: Enabled 2 GPEs in block 00 to 07
[    1.038794] vgaarb: setting as boot device: PCI:0000:00:02.0
[    1.040861] vgaarb: device added: PCI:0000:00:02.0,decodes=io+mem,owns=io+mem,locks=none
[    1.043983] vgaarb: loaded
[    1.045343] vgaarb: bridge control possible 0000:00:02.0
[    1.047757] SCSI subsystem initialized
[    1.049353] ACPI: bus type USB registered
[    1.051024] usbcore: registered new interface driver usbfs
[    1.052958] usbcore: registered new interface driver hub
[    1.054905] usbcore: registered new device driver usb
[    1.057215] PCI: Using ACPI for IRQ routing
[    1.059196] NetLabel: Initializing
[    1.061128] NetLabel:  domain hash size = 128
[    1.067163] NetLabel:  protocols = UNLABELED CIPSOv4
[    1.069359] NetLabel:  unlabeled traffic allowed by default
[    1.071630] amd_nb: Cannot enumerate AMD northbridges
[    1.073808] clocksource: Switched to clocksource kvm-clock
[    1.085975] AppArmor: AppArmor Filesystem Enabled
[    1.087941] pnp: PnP ACPI init
[    1.090135] pnp: PnP ACPI: found 3 devices
[    1.098043] clocksource: acpi_pm: mask: 0xffffff max_cycles: 0xffffff, max_idle_ns: 2085701024 ns
[    1.103632] NET: Registered protocol family 2
[    1.105451] TCP established hash table entries: 16384 (order: 5, 131072 bytes)
[    1.109095] TCP bind hash table entries: 16384 (order: 6, 262144 bytes)
[    1.112628] TCP: Hash tables configured (established 16384 bind 16384)
[    1.115116] UDP hash table entries: 1024 (order: 3, 32768 bytes)
[    1.117776] UDP-Lite hash table entries: 1024 (order: 3, 32768 bytes)
[    1.120089] NET: Registered protocol family 1
[    1.121992] pci 0000:00:00.0: Limiting direct PCI/PCI transfers
[    1.126828] pci 0000:00:01.0: Activating ISA DMA hang workarounds
[    1.129702] Unpacking initramfs...
[    1.419182] Freeing initrd memory: 14888K
[    1.420851] RAPL PMU detected, API unit is 2^-32 Joules, 3 fixed counters 10737418240 ms ovfl timer
[    1.424230] hw unit of domain pp0-core 2^-0 Joules
[    1.426022] hw unit of domain package 2^-0 Joules
[    1.427598] hw unit of domain pp1-gpu 2^-0 Joules
[    1.436818] clocksource: tsc: mask: 0xffffffffffffffff max_cycles: 0x19e2e961f71, max_idle_ns: 440795284276 ns
[    1.442714] platform rtc_cmos: registered platform RTC device (no PNP device found)
[    1.447447] Scanning for low memory corruption every 60 seconds
[    1.450544] audit: initializing netlink subsys (disabled)
[    1.452155] audit: type=2000 audit(1658979894.041:1): initialized
[    1.454596] Initialise system trusted keyring
[    1.456068] HugeTLB registered 2 MB page size, pre-allocated 0 pages
[    1.459607] zbud: loaded
[    1.460899] VFS: Disk quotas dquot_6.6.0
[    1.462332] VFS: Dquot-cache hash table entries: 512 (order 0, 4096 bytes)
[    1.465817] squashfs: version 4.0 (2009/01/31) Phillip Lougher
[    1.469365] fuse init (API version 7.23)
[    1.471117] Key type big_key registered
[    1.472645] Allocating IMA MOK and blacklist keyrings.
[    1.475653] Key type asymmetric registered
[    1.477350] Asymmetric key parser 'x509' registered
[    1.479080] Block layer SCSI generic (bsg) driver version 0.4 loaded (major 249)
[    1.482315] io scheduler noop registered
[    1.483701] io scheduler deadline registered (default)
[    1.487992] io scheduler cfq registered
[    1.489693] pci_hotplug: PCI Hot Plug PCI Core version: 0.5
[    1.491872] pciehp: PCI Express Hot Plug Controller Driver version: 0.4
[    1.494885] ACPI: AC Adapter [AC] (on-line)
[    1.505679] input: Power Button as /devices/LNXSYSTM:00/LNXPWRBN:00/input/input0
[    1.509992] ACPI: Power Button [PWRF]
[    1.511803] input: Sleep Button as /devices/LNXSYSTM:00/LNXSLPBN:00/input/input1
[    1.519726] ACPI: Sleep Button [SLPF]
[    1.522385] ACPI: Battery Slot [BAT0] (battery present)
[    1.524984] GHES: HEST is not enabled!
[    1.527146] Serial: 8250/16550 driver, 32 ports, IRQ sharing enabled
[    1.557812] 00:02: ttyS0 at I/O 0x3f8 (irq = 4, base_baud = 115200) is a 16550A
[    1.562145] Linux agpgart interface v0.103
[    1.568020] loop: module loaded
[    1.572849] scsi host0: ata_piix
[    1.574669] scsi host1: ata_piix
[    1.576434] ata1: PATA max UDMA/33 cmd 0x1f0 ctl 0x3f6 bmdma 0xd000 irq 14
[    1.579689] ata2: PATA max UDMA/33 cmd 0x170 ctl 0x376 bmdma 0xd008 irq 15
[    1.588664] libphy: Fixed MDIO Bus: probed
[    1.593315] tun: Universal TUN/TAP device driver, 1.6
[    1.596285] tun: (C) 1999-2004 Max Krasnyansky <maxk@qualcomm.com>
[    1.599445] PPP generic driver version 2.4.2
[    1.603229] ehci_hcd: USB 2.0 'Enhanced' Host Controller (EHCI) Driver
[    1.605895] ehci-pci: EHCI PCI platform driver
[    1.607851] ehci-platform: EHCI generic platform driver
[    1.612569] ohci_hcd: USB 1.1 'Open' Host Controller (OHCI) Driver
[    1.615890] ohci-pci: OHCI PCI platform driver
[    1.619110] ohci-platform: OHCI generic platform driver
[    1.623077] uhci_hcd: USB Universal Host Controller Interface driver
[    1.628180] i8042: PNP: PS/2 Controller [PNP0303:PS2K,PNP0f03:PS2M] at 0x60,0x64 irq 1,12
[    1.633944] serio: i8042 KBD port at 0x60,0x64 irq 1
[    1.636179] serio: i8042 AUX port at 0x60,0x64 irq 12
[    1.638696] mousedev: PS/2 mouse device common for all mice
[    1.642009] input: AT Translated Set 2 keyboard as /devices/platform/i8042/serio0/input/input2
[    1.647601] rtc_cmos rtc_cmos: rtc core: registered rtc_cmos as rtc0
[    1.652548] rtc_cmos rtc_cmos: alarms up to one day, 114 bytes nvram
[    1.657901] i2c /dev entries driver
[    1.661761] device-mapper: uevent: version 1.0.3
[    1.667507] device-mapper: ioctl: 4.34.0-ioctl (2015-10-28) initialised: dm-devel@redhat.com
[    1.675593] ledtrig-cpu: registered to indicate activity on CPUs
[    1.679288] NET: Registered protocol family 10
[    1.682361] NET: Registered protocol family 17
[    1.687598] Key type dns_resolver registered
[    1.692423] registered taskstats version 1
[    1.695122] Loading compiled-in X.509 certificates
[    1.699451] Loaded X.509 cert 'Build time autogenerated kernel key: cf00e047681d67edb2720680708b7d9498083038'
[    1.709189] zswap: loaded using pool lzo/zbud
[    1.715917] Key type trusted registered
[    1.725173] Key type encrypted registered
[    1.730069] AppArmor: AppArmor sha1 policy hashing enabled
[    1.793850] ima: No TPM chip found, activating TPM-bypass!
[    1.811633] ima: Allocated hash algorithm: sha1
[    1.813392] evm: HMAC attrs: 0x1
[    1.815369]   Magic number: 14:111:716
[    1.818898] rtc_cmos rtc_cmos: setting system clock to 2022-07-28 03:44:49 UTC (1658979889)
[    1.823354] BIOS EDD facility v0.16 2004-Jun-25, 0 devices found
[    1.825417] EDD information not available.
[    1.828659] Freeing unused kernel memory: 1492K
[    1.830401] Write protecting the kernel read-only data: 14336k
[    1.834465] Freeing unused kernel memory: 1584K
[    1.841483] Freeing unused kernel memory: 52K
Loading, please wait...
starting version 229
[    1.864068] random: udevadm: uninitialized urandom read (16 bytes read, 3 bits of entropy available)
[    1.870696] random: systemd-udevd: uninitialized urandom read (16 bytes read, 3 bits of entropy available)
[    1.876964] random: systemd-udevd: uninitialized urandom read (16 bytes read, 3 bits of entropy available)
[    1.884075] random: udevadm: uninitialized urandom read (16 bytes read, 3 bits of entropy available)
[    1.891535] random: systemd-udevd: uninitialized urandom read (16 bytes read, 3 bits of entropy available)
[    1.900039] random: systemd-udevd: uninitialized urandom read (16 bytes read, 3 bits of entropy available)
[    1.912779] random: systemd-udevd: uninitialized urandom read (16 bytes read, 3 bits of entropy available)
[    1.926003] random: systemd-udevd: uninitialized urandom read (16 bytes read, 3 bits of entropy available)
[    1.930039] random: systemd-udevd: uninitialized urandom read (16 bytes read, 3 bits of entropy available)
[    1.936341] random: udevadm: uninitialized urandom read (16 bytes read, 3 bits of entropy available)
[    2.064568] e1000: Intel(R) PRO/1000 Network Driver - version 7.3.21-k8-NAPI
[    2.067560] e1000: Copyright (c) 1999-2006 Intel Corporation.
[    2.080035] Fusion MPT base driver 3.04.20
[    2.081659] Copyright (c) 1999-2008 LSI Corporation
[    2.123185] Fusion MPT SPI Host driver 3.04.20
[    2.194529] AVX version of gcm_enc/dec engaged.
[    2.196446] AES CTR mode by8 optimization enabled
[    2.309293] input: ImExPS/2 Generic Explorer Mouse as /devices/platform/i8042/serio1/input/input4
[    2.603069] e1000 0000:00:03.0 eth0: (PCI:33MHz:32-bit) 02:be:82:6b:cc:1d
[    2.609600] e1000 0000:00:03.0 eth0: Intel(R) PRO/1000 Network Connection
[    2.614113] mptbase: ioc0: Initiating bringup
[    2.678304] ioc0: LSI53C1030 A0: Capabilities={Initiator}
[    2.848844] scsi host2: ioc0: LSI53C1030 A0, FwRev=00000000h, Ports=1, MaxQ=256, IRQ=20
[    2.967702] scsi 2:0:0:0: Direct-Access     VBOX     HARDDISK         1.0  PQ: 0 ANSI: 5
[    2.971445] scsi target2:0:0: Beginning Domain Validation
[    2.976388] scsi target2:0:0: Domain Validation skipping write tests
[    2.980829] scsi target2:0:0: Ending Domain Validation
[    2.984959] scsi target2:0:0: asynchronous
[    2.987012] scsi 2:0:1:0: Direct-Access     VBOX     HARDDISK         1.0  PQ: 0 ANSI: 5
[    3.014425] scsi target2:0:1: Beginning Domain Validation
[    3.076835] scsi target2:0:1: Domain Validation skipping write tests
[    3.079222] scsi target2:0:1: Ending Domain Validation
[    3.092245] scsi target2:0:1: asynchronous
[    3.252104] sd 2:0:0:0: Attached scsi generic sg0 type 0
[    3.256286] sd 2:0:0:0: [sda] 83886080 512-byte logical blocks: (42.9 GB/40.0 GiB)
[    3.260153] sd 2:0:1:0: [sdb] 20480 512-byte logical blocks: (10.5 MB/10.0 MiB)
[    3.269523] sd 2:0:0:0: [sda] Write Protect is off
[    3.271263] sd 2:0:1:0: Attached scsi generic sg1 type 0
[    3.279284] sd 2:0:1:0: [sdb] Write Protect is off
[    3.282139] sd 2:0:0:0: [sda] Incomplete mode parameter data
[    3.285237] sd 2:0:0:0: [sda] Assuming drive cache: write through
[    3.288723] sd 2:0:1:0: [sdb] Incomplete mode parameter data
[    3.292347] sd 2:0:1:0: [sdb] Assuming drive cache: write through
[    3.350047]  sda: sda1
[    3.352407] sd 2:0:0:0: [sda] Attached SCSI disk
[    3.355169] sd 2:0:1:0: [sdb] Attached SCSI disk
[    3.482802] e1000 0000:00:08.0 eth1: (PCI:33MHz:32-bit) 08:00:27:43:d3:d1
[    3.485719] e1000 0000:00:08.0 eth1: Intel(R) PRO/1000 Network Connection
[    3.489612] e1000 0000:00:08.0 enp0s8: renamed from eth1
[    3.495559] e1000 0000:00:03.0 enp0s3: renamed from eth0
Begin: Loading essential drivers ... [    5.002148] md: linear personality registered for level -1
[    5.010797] md: multipath personality registered for level -4
[    5.022023] md: raid0 personality registered for level 0
[    5.032210] md: raid1 personality registered for level 1
[    5.107520] raid6: sse2x1   gen()  5206 MB/s
[    5.175495] raid6: sse2x1   xor()  3640 MB/s
[    5.243514] raid6: sse2x2   gen()  4994 MB/s
[    5.316316] raid6: sse2x2   xor()  2784 MB/s
[    5.387007] raid6: sse2x4   gen()  5034 MB/s
[    5.459516] raid6: sse2x4   xor()  4274 MB/s
[    5.464878] raid6: using algorithm sse2x1 gen() 5206 MB/s
[    5.466921] raid6: .... xor() 3640 MB/s, rmw enabled
[    5.469023] raid6: using ssse3x2 recovery algorithm
[    5.473977] xor: automatically using best checksumming function:
[    5.539878]    avx       : 39106.000 MB/sec
[    5.549082] async_tx: api initialized (async)
[    5.581345] md: raid6 personality registered for level 6
[    5.587438] md: raid5 personality registered for level 5
[    5.593507] md: raid4 personality registered for level 4
[    5.612298] md: raid10 personality registered for level 10
done.
Begin: Running /scripts/init-premount ... done.
Begin: Mounting root file system ... Begin: Running /scripts/local-top ... done.
Begin: Running /scripts/local-premount ... [    5.690496] Btrfs loaded
Scanning for Btrfs filesystems
done.
Warning: fsck not present, so skipping root file system
[    5.812378] EXT4-fs (sda1): mounted filesystem with ordered data mode. Opts: (null)
done.
Begin: Running /scripts/local-bottom ... done.
Begin: Running /scripts/init-bottom ... done.
[    6.155587] systemd[1]: systemd 229 running in system mode. (+PAM +AUDIT +SELINUX +IMA +APPARMOR +SMACK +SYSVINIT +UTMP +LIBCRYPTSETUP +GCRYPT +GNUTLS +ACL +XZ -LZ4 +SECCOMP +BLKID +ELFUTILS +KMOD -IDN)
[    6.169081] systemd[1]: Detected virtualization oracle.
[    6.171432] systemd[1]: Detected architecture x86-64.

Welcome to [1mUbuntu 16.04.7 LTS[0m!

[    6.194924] systemd[1]: Set hostname to <ubuntu>.
[    6.206237] systemd[1]: Initializing machine ID from random generator.
[    6.216345] systemd[1]: Installed transient /etc/machine-id file.
[    6.523917] systemd[1]: Listening on LVM2 metadata daemon socket.
[[0;32m  OK  [0m] Listening on LVM2 metadata daemon socket.
[    6.529203] systemd[1]: Listening on Device-mapper event daemon FIFOs.
[[0;32m  OK  [0m] Listening on Device-mapper event daemon FIFOs.
[    6.537386] systemd[1]: Reached target System Time Synchronized.
[[0;32m  OK  [0m] Reached target System Time Synchronized.
[    6.546128] systemd[1]: Started Trigger resolvconf update for networkd DNS.
[[0;32m  OK  [0m] Started Trigger resolvconf update for networkd DNS.
[    6.552779] systemd[1]: Listening on fsck to fsckd communication Socket.
[[0;32m  OK  [0m] Listening on fsck to fsckd communication Socket.
[    6.567047] systemd[1]: Created slice User and Session Slice.
[[0;32m  OK  [0m] Created slice User and Session Slice.
[    6.575101] systemd[1]: Reached target User and Group Name Lookups.
[[0;32m  OK  [0m] Reached target User and Group Name Lookups.
[    6.583211] systemd[1]: Listening on /dev/initctl Compatibility Named Pipe.
[[0;32m  OK  [0m] Listening on /dev/initctl Compatibility Named Pipe.
[    6.593001] systemd[1]: Listening on udev Kernel Socket.
[[0;32m  OK  [0m] Listening on udev Kernel Socket.
[    6.598569] systemd[1]: Listening on Journal Audit Socket.
[[0;32m  OK  [0m] Listening on Journal Audit Socket.
[    6.604181] systemd[1]: Listening on Syslog Socket.
[[0;32m  OK  [0m] Listening on Syslog Socket.
[    6.608142] systemd[1]: Started Forward Password Requests to Wall Directory Watch.
[[0;32m  OK  [0m] Started Forward Password Requests to Wall Directory Watch.
[    6.614659] systemd[1]: Set up automount Arbitrary Executable File Formats File System Automount Point.
[[0;32m  OK  [0m] Set up automount Arbitrary Executab...ats File System Automount Point.
[    6.629550] systemd[1]: Reached target Encrypted Volumes.
[[0;32m  OK  [0m] Reached target Encrypted Volumes.
[    6.634562] systemd[1]: Listening on Journal Socket (/dev/log).
[[0;32m  OK  [0m] Listening on Journal Socket (/dev/log).
[    6.639977] systemd[1]: Reached target Swap.
[[0;32m  OK  [0m] Reached target Swap.
[    6.643602] systemd[1]: Listening on Journal Socket.
[[0;32m  OK  [0m] Listening on Journal Socket.
[    6.647760] systemd[1]: Listening on LVM2 poll daemon socket.
[[0;32m  OK  [0m] Listening on LVM2 poll daemon socket.
[    6.657110] systemd[1]: Listening on udev Control Socket.
[[0;32m  OK  [0m] Listening on udev Control Socket.
[    6.663433] systemd[1]: Created slice System Slice.
[[0;32m  OK  [0m] Created slice System Slice.
[    6.706257] systemd[1]: Starting Load Kernel Modules...
         Starting Load Kernel Modules...
[    6.720439] systemd[1]: Mounting Huge Pages File System...
         Mounting Huge Pages File System...
[    6.731943] systemd[1]: Starting Set console keymap...
[    6.736798] Loading iSCSI transport class v2.0-870.
         Starting Set console keymap...
[    6.743341] systemd[1]: Created slice system-serial\x2dgetty.slice.
[[0;32m  OK  [0m] Created slice system-serial\x2dgetty.slice.
[    6.755228] systemd[1]: Starting Monitoring of LVM2 mirrors, snapshots etc. using dmeventd or progress polling...
         Starting Monitoring of LVM2 mirrors... dmeventd or progress polling...
[    6.776991] systemd[1]: Starting Create list of required static device nodes for the current kernel...
         Starting Create list of required st... nodes for the current kernel...
[    6.792453] systemd[1]: Starting Uncomplicated firewall...
         Starting Uncomplicated firewall...
[    6.803600] systemd[1]: Starting Journal Service...
[    6.812072] iscsi: registered transport (tcp)
         Starting Journal Service...
[    6.825818] systemd[1]: Starting File System Check on Root Device...
[    6.838067] random: nonblocking pool is initialized
         Starting File System Check on Root Device...
[    6.852605] systemd[1]: Mounting POSIX Message Queue File System...
         Mounting POSIX Message Queue File System...
[    6.864728] systemd[1]: Reached target Slices.
[[0;32m  OK  [0m] Reached target Slices.
[    6.875138] systemd[1]: Starting Nameserver information manager...
         Starting Nameserver information manager...
[    6.888399] systemd[1]: Mounting Debug File System...
         Mounting Debug File System...
[    6.899283] systemd[1]: Mounted Huge Pages File System.
[[0;32m  OK  [0m] Mounted Huge Pages File System.
[    6.923067] systemd[1]: Mounted POSIX Message Queue File System.
[[0;32m  OK  [0m] Mounted POSIX Message Queue File System.
[    6.928926] systemd[1]: Mounted Debug File System.
[[0;32m  OK  [0m] Mounted Debug File System.
[    6.939211] systemd[1]: Started Create list of required static device nodes for the current kernel.
[[0;32m  OK  [0m] Started Create list of required sta...ce nodes for the current kernel.
[    6.951603] systemd[1]: Started Uncomplicated firewall.
[[0;32m  OK  [0m] Started Uncomplicated firewall.
[    6.979954] systemd[1]: Started Nameserver information manager.
[[0;32m  OK  [0m] Started Nameserver information manager.
[    6.995102] systemd[1]: Started File System Check on Root Device.
[[0;32m  OK  [0m] Started File System Check on Root Device.
[    7.009500] systemd[1]: Started File System Check Daemon to report status.
[[0;32m  OK  [0m] Started File System Check Daemon to report status.
[    7.024541] systemd[1]: Starting Remount Root and Kernel File Systems...
         Starting Remount Root and Kernel File Systems...
[    7.039479] systemd[1]: Started LVM2 metadata daemon.
[[0;32m  OK  [0m] Started LVM2 metadata daemon.
[    7.059694] systemd[1]: Starting Create Static Device Nodes in /dev...
[    7.065238] EXT4-fs (sda1): re-mounted. Opts: (null)
         Starting Create Static Device Nodes in /dev...
[    7.083903] iscsi: registered transport (iser)
[    7.093532] systemd[1]: Started Journal Service.
[[0;32m  OK  [0m] Started Journal Service.
[[0;32m  OK  [0m] Started Remount Root and Kernel File Systems.
         Starting udev Coldplug all Devices...
         Starting Flush Journal to Persistent Storage...
         Starting Load/Save Random Seed...
[[0;32m  OK  [0m] Started Load Kernel Modules.
[[0;32m  OK  [0m] Started Set console keymap.
[[0;32m  OK  [0m] Started Create Static Device Nodes in /dev.
[[0;32m  OK  [0m] Started Load/Save Random Seed.
         Starting udev Kernel Device Manager...
         Mounting FUSE Control File System...
         Starting Apply Kernel Variables...
[[0;32m  OK  [0m] Mounted FUSE Control File System.
[    7.236747] systemd-journald[381]: Received request to flush runtime journal from PID 1
[[0;32m  OK  [0m] Started Apply Kernel Variables.
[[0;32m  OK  [0m] Started Flush Journal to Persistent Storage.
[[0;32m  OK  [0m] Started udev Kernel Device Manager.
[[0;32m  OK  [0m] Started Monitoring of LVM2 mirrors,...ng dmeventd or progress polling.
[[0;32m  OK  [0m] Reached target Local File Systems (Pre).
[[0;32m  OK  [0m] Reached target Local File Systems.
         Starting Tell Plymouth To Write Out Runtime Data...
         Starting LSB: AppArmor initialization...
         Starting Initial cloud-init job (pre-networking)...
         Starting Set console font and keymap...
         Starting Create Volatile Files and Directories...
         Starting Commit a transient machine-id on disk...
[[0;32m  OK  [0m] Started Tell Plymouth To Write Out Runtime Data.
[[0;32m  OK  [0m] Started Commit a transient machine-id on disk.
[[0;32m  OK  [0m] Started Create Volatile Files and Directories.
         Starting Update UTMP about System Boot/Shutdown...
[[0;32m  OK  [0m] Started Update UTMP about System Boot/Shutdown.
[[0;32m  OK  [0m] Started udev Coldplug all Devices.
[[0;32m  OK  [0m] Started Dispatch Password Requests to Console Directory Watch.
[[0;32m  OK  [0m] Found device /dev/ttyS0.
[[0;32m  OK  [0m] Listening on Load/Save RF Kill Switch Status /dev/rfkill Watch.
[[0;32m  OK  [0m] Started Set console font and keymap.
[[0;32m  OK  [0m] Created slice system-getty.slice.
[   11.216547] cloud-init[492]: Cloud-init v. 21.1-19-gbad84ad4-0ubuntu1~16.04.2 running 'init-local' at Thu, 28 Jul 2022 03:44:57 +0000. Up 9.79 seconds.
[[0;32m  OK  [0m] Started Initial cloud-init job (pre-networking).
[[0;32m  OK  [0m] Reached target Network (Pre).
[[0;32m  OK  [0m] Started LSB: AppArmor initialization.
         Starting Raise network interfaces...
         Starting Load AppArmor profiles managed internally by snapd...
[[0;32m  OK  [0m] Started Load AppArmor profiles managed internally by snapd.
[[0;32m  OK  [0m] Started Raise network interfaces.
[[0;32m  OK  [0m] Reached target Network.
         Starting Initial cloud-init job (metadata service crawler)...
[   13.985554] cloud-init[965]: Cloud-init v. 21.1-19-gbad84ad4-0ubuntu1~16.04.2 running 'init' at Thu, 28 Jul 2022 03:45:01 +0000. Up 12.84 seconds.
[   13.988700] cloud-init[965]: ci-info: ++++++++++++++++++++++++++++++++++++++Net device info+++++++++++++++++++++++++++++++++++++++
[   14.000810] cloud-init[965]: ci-info: +--------+-------+----------------------------+---------------+--------+-------------------+
[   14.003682] cloud-init[965]: ci-info: | Device |   Up  |          Address           |      Mask     | Scope  |     Hw-Address    |
[   14.008637] cloud-init[965]: ci-info: +--------+-------+----------------------------+---------------+--------+-------------------+
[   14.012980] cloud-init[965]: ci-info: | enp0s3 |  True |         10.0.2.15          | 255.255.255.0 | global | 02:be:82:6b:cc:1d |
[   14.016207] cloud-init[965]: ci-info: | enp0s3 |  True | fe80::be:82ff:fe6b:cc1d/64 |       .       |  link  | 02:be:82:6b:cc:1d |
[   14.020544] cloud-init[965]: ci-info: | enp0s8 | False |             .              |       .       |   .    | 08:00:27:43:d3:d1 |
[   14.024550] cloud-init[965]: ci-info: |   lo   |  True |         127.0.0.1          |   255.0.0.0   |  host  |         .         |
[   14.032890] cloud-init[965]: ci-info: |   lo   |  True |          ::1/128           |       .       |  host  |         .         |
[   14.041787] cloud-init[965]: ci-info: +--------+-------+----------------------------+---------------+--------+-------------------+
[   14.045490] cloud-init[965]: ci-info: +++++++++++++++++++++++++++Route IPv4 info++++++++++++++++++++++++++++
[   14.053370] cloud-init[965]: ci-info: +-------+-------------+----------+---------------+-----------+-------+
[   14.061945] cloud-init[965]: ci-info: | Route | Destination | Gateway  |    Genmask    | Interface | Flags |
[   14.064748] cloud-init[965]: ci-info: +-------+-------------+----------+---------------+-----------+-------+
[   14.068530] cloud-init[965]: ci-info: |   0   |   0.0.0.0   | 10.0.2.2 |    0.0.0.0    |   enp0s3  |   UG  |
[   14.072743] cloud-init[965]: ci-info: |   1   |   10.0.2.0  | 0.0.0.0  | 255.255.255.0 |   enp0s3  |   U   |
[   14.077349] cloud-init[965]: ci-info: +-------+-------------+----------+---------------+-----------+-------+
[   14.084450] cloud-init[965]: ci-info: +++++++++++++++++++Route IPv6 info+++++++++++++++++++
[   14.086649] cloud-init[965]: ci-info: +-------+-------------+---------+-----------+-------+
[   14.089075] cloud-init[965]: ci-info: | Route | Destination | Gateway | Interface | Flags |
[   14.092445] cloud-init[965]: ci-info: +-------+-------------+---------+-----------+-------+
[   14.100455] cloud-init[965]: ci-info: |   0   |  fe80::/64  |    ::   |   enp0s3  |   U   |
[   14.102741] cloud-init[965]: ci-info: |   3   |   ff00::/8  |    ::   |   enp0s3  |   U   |
[   14.116777] cloud-init[965]: ci-info: +-------+-------------+---------+-----------+-------+
[   14.119526] cloud-init[965]: Generating public/private rsa key pair.
[   14.130451] cloud-init[965]: Your identification has been saved in /etc/ssh/ssh_host_rsa_key.
[   14.133126] cloud-init[965]: Your public key has been saved in /etc/ssh/ssh_host_rsa_key.pub.
[   14.135646] cloud-init[965]: The key fingerprint is:
[   14.137910] cloud-init[965]: SHA256:KNpc3zsKyTC4fM9EaBsVHmfkU8nYLm8ZucEQ7LjbVfk root@ubuntu-xenial
[   14.144493] cloud-init[965]: The key's randomart image is:
[   14.144886] cloud-init[965]: +---[RSA 2048]----+
[   14.145132] cloud-init[965]: |      oo==..     |
[   14.145399] cloud-init[965]: |     . *+.+      |
[   14.145664] cloud-init[965]: |      ooo+ . .   |
[   14.145889] cloud-init[965]: |   . o..o.* o    |
[   14.146102] cloud-init[965]: |  . B +.So * .   |
[   14.146331] cloud-init[965]: | . * X.o .*   E  |
[   14.146569] cloud-init[965]: |  + = =o.o.      |
[   14.146802] cloud-init[965]: |   . +... ..     |
[   14.147034] cloud-init[965]: |      o ....     |
[   14.147244] cloud-init[965]: +----[SHA256]-----+
[   14.147458] cloud-init[965]: Generating public/private dsa key pair.
[   14.147711] cloud-init[965]: Your identification has been saved in /etc/ssh/ssh_host_dsa_key.
[   14.147941] cloud-init[965]: Your public key has been saved in /etc/ssh/ssh_host_dsa_key.pub.
[[0;32m  OK  [0m] Started Initial cloud-init job (metadata service crawler).
[[0;32m  OK  [0m] Reached target Network is Online.
         Starting iSCSI initiator daemon (iscsid)...
[[0;32m  OK  [0m] Reached target Cloud-config availability.[   14.150232] cloud-init[965]: The key fingerprint is:
[   14.186531] cloud-init[965]: SHA256:1YH0L1fXOXoq+msEv/SzGVCxkf69kcvfbhTqex+gFLI root@ubuntu-xenial
[[0;32m  OK  [0m] Reached target System Initialization.
[[0;32m  OK  [0m] Started Ubuntu Advantage update messaging.

[   14.193922] cloud-init[965]: The key's randomart image is:
[[0;32m  OK  [0m] Started Daily apt download activities.
[[0;32m  OK  [0m] Started Daily apt upgrade and clean activities.
[[0;32m  OK  [0m] Started Message of the Day.[   14.206647] cloud-init[965]: +---[DSA 1024]----+
[   14.208761] cloud-init[965]: |         ....o.  |
[   14.211295] cloud-init[965]: |          .o o+ o|

[[0;32m  OK  [0m] Started ACPI Events Check.
[[0;32m  OK  [0m] Reached target Paths.
         Starting Socket activation for snappy daemon.[   14.213249] cloud-init[965]: |         ...+o o+|
[   14.222164] 
[[0;32m  OK  [0m] Listening on ACPID Listen Socket.
[[0;32m  OK  [0m] Listening on UUID daemon activation socket.
[[0;32m  OK  [0m] Started Daily Cleanup of Temporary Directories.
[[0;32m  OK  [0m] Reached target Timers.
[[0;32m  OK  [0m] Listening on D-Bus System Message Bus Socket.
cloud-init[965]: |         oo oo.oo|
[   14.234625] cloud-init[965]: |        SEoo.o=.+|
         Starting LXD - unix socket.
[   14.237423] cloud-init[965]: |          .+o+++o|
[   14.242501] cloud-init[965]: |          oo+o.o+|
[   14.244545] cloud-init[965]: |          .o.+o=+|
[[0;32m  OK  [0m] Listening on Socket activation for snappy daemon.
[   14.249840] cloud-init[965]: |         .oo.+=oB|
[[0;32m  OK  [0m] Listening on LXD - unix socket.
[[0;32m  OK  [0m] Started iSCSI initiator daemon (iscsid).
[   14.264509] cloud-init[965]: +----[SHA256]-----+
[   14.268408] cloud-init[965]: Generating public/private ecdsa key pair.
[   14.271809] cloud-init[965]: Your identification has been saved in /etc/ssh/ssh_host_ecdsa_key.
         Starting Login to default iSCSI targets...
[[0;32m  OK  [0m] Reached target Sockets.
[   14.281350] cloud-init[965]: Your public key has been saved in /etc/ssh/ssh_host_ecdsa_key.pub.
[[0;32m  OK  [0m] Reached target Basic System.
[   14.287934] cloud-init         Starting Pollinate to seed the pseudo random number generator...
         Starting LXD - container startup/shutdown...
         Starting Accounts Service...[965]: The key fingerprint is:
[   14.306338] cloud-init[965]: SHA256:xuEWN1xzPNPgRmVTKqxa9f3dxccnxprF/w5lVNyEreE root@ubuntu-xenial

[   14.310663] [[0;32m  OK  [0m] Started Regular background program processing daemon.cloud-init
[965]: The key's randomart image is:
         Starting LSB: Record successful boot for GRUB...
         Starting LSB: MD monitoring daemon...
[[0;32m  OK  [0m] Started Deferred execution scheduler.
         Starting /etc/rc.local Compatibility...
[   14.369584] cloud-init[965]: +---[ECDSA 256]---+
[   14.369976] cloud-init[965]: |            o.+XO|
[[0;32m  OK  [0m] Started ACPI event daemon.
         Starting System Logging Service...
         Starting Virtualbox guest utils...
         Starting Login Service...
[[0;32m  OK  [0m] Started FUSE filesystem for LXC.
[[0;32m  OK  [0m] Started D-Bus System Message Bus.
[   14.461540] cloud-init[965]: |         . o =*oB|
[   14.480854] cloud-init[965]: |        o + +.+=.|
[   14.488617] cloud-init[965]: |       o + + *E= |
[   14.497781] cloud-init[965]: |        S o   B X|
[   14.500867] cloud-init[965]: |       o o   = =B|
         Starting Snap Daemon...
[[0;32m  OK  [0m] Started System Logging Service.
[[0;32m  OK  [0m] Started /etc/rc.local Compatibility.[   14.517724] 
cloud-init[965]: |        .   o . =|[[0;32m  OK  [0m] Started Login Service.
[[0;32m  OK  [0m] Started Unattended Upgrades Shutdown.

[   14.625969] cloud-init[965]: |               ..|
[[0;32m  OK  [0m] Started Login to default iSCSI targets.
[[0;32m  OK  [0m] Reached target Remote File Systems (Pre).
[[0;32m  OK  [0m] Reached target Remote File Systems.
         Starting LSB: Set the CPU Frequency Scaling governor to "ondemand"...
         Starting LSB: daemon to balance interrupts for SMP systems...
         Starting LSB: automatic crash report generation...
         Starting Permit User Sessions...
[   14.700763] [[0;32m  OK  [0m] Started Permit User Sessions.
         Starting Hold until boot process finishes up...
         Starting Terminate Plymouth Boot Screen...
cloud-init[965]: |               .o|
[[0;32m  OK  [0m] Started Hold until boot process finishes up.
         Starting Authenticate and Authorize Users to Run Privileged Tasks...
[[0;32m  OK  [0m] Started Getty on tty1.
         Starting Set console scheme...
[[0;32m  OK  [0m] Started Serial Getty on ttyS0.
[[0;32m  OK  [0m] Reached target Login Prompts.
[[0;32m  OK  [0m] Started Terminate Plymouth Boot Screen.
[   14.790064] cloud-init[965]: +----[SHA256]-----+
[[0;32m  OK  [0m] Started Set console scheme.
[[0;32m  OK  [0m] Started LSB: MD monitoring daemon.
[   14.818006] cloud-init[965]: Generating public/private ed25519 key pair.
[   14.834833] cloud-init[965]: Your identification has been saved in /etc/ssh/ssh_host_ed25519_key.
[[0;32m  OK  [0m] Started LSB: Record successful boot for GRUB.
[   14.875148] cloud-init[965]: Your public key has been saved in /etc/ssh/ssh_host_ed25519_key.pub.[[0;32m  OK  [0m] Started LSB: Set the CPU Frequency Scaling governor to "ondemand".

[   14.919459] [[0;32m  OK  [0m] Started Authenticate and Authorize Users to Run Privileged Tasks.
[[0;32m  OK  [0m] Started Accounts Service.cloud-init[965]: The key fingerprint is:

[   14.962912] [[0;32m  OK  [0m] Started LSB: automatic crash report generation.
cloud-init[965]: SHA256:HQDkbgalNdkxYUp5W5O/D5qsyHI6oO0yKtPS8nkUBCU root@ubuntu-xenial[[0;32m  OK  [0m] Started LXD - container startup/shutdown.
[[0;32m  OK  [0m] Started LSB: daemon to balance interrupts for SMP systems.

[   15.014245] cloud-init[965]: The key's randomart image is:
[   15.027956] cloud-init[965]: +--[ED25519 256]--+
[   15.033950] cloud-init[965]: |  Eo..B=*o .     |
[   15.043620] cloud-init[965]: |   ..*o+oo+      |
[   15.062930] cloud-init[965]: |   .o o. o.o     |
[   15.082220] cloud-init[965]: |    .o  .. ..    |
[   15.084983] cloud-init[965]: |     .+ S .  .   |
[   15.092566] cloud-init[965]: |  . .o      o    |
[   15.098527] cloud-init[965]: | = o     . o o   |
[   15.109506] cloud-init[965]: |O +.+...  +   .  |
[   15.117268] cloud-init[965]: |+O+..=o ..       |
[   15.124788] cloud-init[965]: +----[SHA256]-----+
[[0;32m  OK  [0m] Started Virtualbox guest utils.
[[0;32m  OK  [0m] Started Snap Daemon.
         Starting Wait until snapd is fully seeded...
[[0;32m  OK  [0m] Started Wait until snapd is fully seeded.
         Starting Apply the settings specified in cloud-config...
[   20.665363] cloud-init[1301]: Generating locales (this might take a while)...

Ubuntu 16.04.7 LTS ubuntu-xenial ttyS0

ubuntu-xenial login: [   22.390758] cloud-init[1301]:   en_US.UTF-8... done
[   22.393254] cloud-init[1301]: Generation complete.
[   23.643392] cloud-init[1301]: Cloud-init v. 21.1-19-gbad84ad4-0ubuntu1~16.04.2 running 'modules:config' at Thu, 28 Jul 2022 03:45:08 +0000. Up 20.36 seconds.
ci-info: no authorized SSH keys fingerprints found for user ubuntu.
<14>Jul 28 03:45:13 ec2: 
<14>Jul 28 03:45:13 ec2: #############################################################
<14>Jul 28 03:45:13 ec2: -----BEGIN SSH HOST KEY FINGERPRINTS-----
<14>Jul 28 03:45:13 ec2: 1024 SHA256:1YH0L1fXOXoq+msEv/SzGVCxkf69kcvfbhTqex+gFLI root@ubuntu-xenial (DSA)
<14>Jul 28 03:45:13 ec2: 256 SHA256:xuEWN1xzPNPgRmVTKqxa9f3dxccnxprF/w5lVNyEreE root@ubuntu-xenial (ECDSA)
<14>Jul 28 03:45:13 ec2: 256 SHA256:HQDkbgalNdkxYUp5W5O/D5qsyHI6oO0yKtPS8nkUBCU root@ubuntu-xenial (ED25519)
<14>Jul 28 03:45:13 ec2: 2048 SHA256:KNpc3zsKyTC4fM9EaBsVHmfkU8nYLm8ZucEQ7LjbVfk root@ubuntu-xenial (RSA)
<14>Jul 28 03:45:13 ec2: -----END SSH HOST KEY FINGERPRINTS-----
<14>Jul 28 03:45:13 ec2: #############################################################
-----BEGIN SSH HOST KEY KEYS-----
ecdsa-sha2-nistp256 AAAAE2VjZHNhLXNoYTItbmlzdHAyNTYAAAAIbmlzdHAyNTYAAABBBMcVpmi1uO/km5l6CEMHO7fr5zNTX+3K0i4xIYTsBZnSRPnGnuakOUVTEUs5h/6LzqDvJMv3blyoDADAHIxu4jw= root@ubuntu-xenial
ssh-ed25519 AAAAC3NzaC1lZDI1NTE5AAAAIHmNeLlU/ZE+SXEONwdHY2Vk62M74eMYlNmzHwQwrT4B root@ubuntu-xenial
ssh-rsa AAAAB3NzaC1yc2EAAAADAQABAAABAQC/JxCuOEAgvDCfbRzBhInTA/b6okfyCWL01hkH7ampDmhh0ttHYVHSdwqzL0aSsbpCDsJlcwRt5CIkN4sYdkWjbFYFqfNl1Vk6SaR1Lsn0gePAmcbz2xb1QxeC4oWnM80q7NcrX89DeZWkYOnTrEqjZPgZysQf+HpNDdbsVBGYgHgMMwFHB79pkeLtFaCNOL5fOBFXddhgTZBbo3Hcr/Y5M3IB+cWVoczxXjrsxPy5PV/Sf8ol8n2+Sj5ZJFBlRFq6y/J1mbpTgxcHa8TD9IbSf9nQ9VfTdlFl2FfXr8zyLWkch/9F+x23FySak6dJEsDzCFQKWA8YYS4FY4gbVcZn root@ubuntu-xenial
-----END SSH HOST KEY KEYS-----
[   25.518710] cloud-init[1440]: Cloud-init v. 21.1-19-gbad84ad4-0ubuntu1~16.04.2 running 'modules:final' at Thu, 28 Jul 2022 03:45:13 +0000. Up 24.98 seconds.
[   25.546049] cloud-init[1440]: ci-info: no authorized SSH keys fingerprints found for user ubuntu.
[   25.548587] cloud-init[1440]: Cloud-init v. 21.1-19-gbad84ad4-0ubuntu1~16.04.2 finished at Thu, 28 Jul 2022 03:45:13 +0000. Datasource DataSourceNoCloud [seed=/dev/sdb][dsmode=net].  Up 25.49 seconds
